<?xml version="1.0" encoding="UTF-8"?>
<testng-results skipped="0" failed="0" total="1" passed="1">
  <reporter-output>
    <line>
      <![CDATA[Login is successfull]]>
    </line>
  </reporter-output>
  <suite name="Default suite" duration-ms="16249" started-at="2017-09-03T06:03:04Z" finished-at="2017-09-03T06:03:20Z">
    <groups>
    </groups>
    <test name="Default test" duration-ms="16249" started-at="2017-09-03T06:03:04Z" finished-at="2017-09-03T06:03:20Z">
      <class name="testScripts.Login">
        <test-method status="PASS" signature="setUp()[pri:0, instance:testScripts.Login@1f3ddb1]" name="setUp" is-config="true" duration-ms="10777" started-at="2017-09-03T11:33:04Z" finished-at="2017-09-03T11:33:15Z">
          <reporter-output>
          </reporter-output>
        </test-method> <!-- setUp -->
        <test-method status="PASS" signature="loginTest()[pri:0, instance:testScripts.Login@1f3ddb1]" name="loginTest" duration-ms="5406" started-at="2017-09-03T11:33:15Z" finished-at="2017-09-03T11:33:20Z">
          <reporter-output>
            <line>
              <![CDATA[Login is successfull]]>
            </line>
          </reporter-output>
        </test-method> <!-- loginTest -->
        <test-method status="PASS" signature="tearDown()[pri:0, instance:testScripts.Login@1f3ddb1]" name="tearDown" is-config="true" duration-ms="34" started-at="2017-09-03T11:33:20Z" finished-at="2017-09-03T11:33:20Z">
          <reporter-output>
          </reporter-output>
        </test-method> <!-- tearDown -->
      </class> <!-- testScripts.Login -->
    </test> <!-- Default test -->
  </suite> <!-- Default suite -->
</testng-results>
